<?xml version="1.0" encoding="UTF-8"?>
<testng-results skipped="0" failed="0" ignored="0" total="1" passed="1">
  <reporter-output>
  </reporter-output>
  <suite name="Default suite" duration-ms="24923" started-at="2019-11-13T16:46:47Z" finished-at="2019-11-13T16:47:12Z">
    <groups>
    </groups>
    <test name="Default test" duration-ms="24923" started-at="2019-11-13T16:46:47Z" finished-at="2019-11-13T16:47:12Z">
      <class name="SeleniumGuru99.ECommerceDay4">
        <test-method status="PASS" signature="beforeTest()[pri:0, instance:SeleniumGuru99.ECommerceDay4@968a59]" name="beforeTest" is-config="true" duration-ms="12626" started-at="2019-11-13T16:46:47Z" finished-at="2019-11-13T16:47:00Z">
          <reporter-output>
          </reporter-output>
        </test-method> <!-- beforeTest -->
        <test-method status="PASS" signature="test()[pri:0, instance:SeleniumGuru99.ECommerceDay4@968a59]" name="test" duration-ms="10972" started-at="2019-11-13T16:47:00Z" finished-at="2019-11-13T16:47:11Z">
          <reporter-output>
          </reporter-output>
        </test-method> <!-- test -->
        <test-method status="PASS" signature="afterTest()[pri:0, instance:SeleniumGuru99.ECommerceDay4@968a59]" name="afterTest" is-config="true" duration-ms="1299" started-at="2019-11-13T16:47:11Z" finished-at="2019-11-13T16:47:12Z">
          <reporter-output>
          </reporter-output>
        </test-method> <!-- afterTest -->
      </class> <!-- SeleniumGuru99.ECommerceDay4 -->
    </test> <!-- Default test -->
  </suite> <!-- Default suite -->
</testng-results>
